2026-02-01T15:57:42.048976Z  INFO tailwindcss_oxide::scanner: Provided sources:
2026-02-01T15:57:42.049055Z  INFO tailwindcss_oxide::scanner: Source: PublicSourceEntry { base: "/Users/riku/Projects/new-company-lp", pattern: "**/*", negated: false }
2026-02-01T15:57:42.049261Z  INFO tailwindcss_oxide::scanner: Optimized sources:
2026-02-01T15:57:42.049269Z  INFO tailwindcss_oxide::scanner: Source: Auto { base: "/Users/riku/Projects/new-company-lp" }
2026-02-01T15:57:42.050853Z  INFO scan_sources: tailwindcss_oxide::scanner: enter
2026-02-01T15:57:42.051290Z  INFO scan_sources: tailwindcss_oxide::scanner: Discovering "/Users/riku/Projects/new-company-lp/open-next.config.ts"
2026-02-01T15:57:42.051323Z  INFO scan_sources: tailwindcss_oxide::scanner: Discovering "/Users/riku/Projects/new-company-lp/screenshot"
2026-02-01T15:57:42.051362Z  INFO scan_sources: tailwindcss_oxide::scanner: Discovering "/Users/riku/Projects/new-company-lp/screenshot/現在の状況"
2026-02-01T15:57:42.051406Z  INFO scan_sources: tailwindcss_oxide::scanner: Discovering "/Users/riku/Projects/new-company-lp/postcss.config.mjs"
2026-02-01T15:57:42.051444Z  INFO scan_sources: tailwindcss_oxide::scanner: Discovering "/Users/riku/Projects/new-company-lp/content"
2026-02-01T15:57:42.051467Z  INFO scan_sources: tailwindcss_oxide::scanner: Discovering "/Users/riku/Projects/new-company-lp/content/news"
2026-02-01T15:57:42.051490Z  INFO scan_sources: tailwindcss_oxide::scanner: Discovering "/Users/riku/Projects/new-company-lp/content/news/sushi-shukatsu-vol2.md"
2026-02-01T15:57:42.051499Z  INFO scan_sources: tailwindcss_oxide::scanner: Discovering "/Users/riku/Projects/new-company-lp/content/news/ai-challengers-fes-2025.md"
2026-02-01T15:57:42.051508Z  INFO scan_sources: tailwindcss_oxide::scanner: Discovering "/Users/riku/Projects/new-company-lp/content/news/_template.md"
2026-02-01T15:57:42.051516Z  INFO scan_sources: tailwindcss_oxide::scanner: Discovering "/Users/riku/Projects/new-company-lp/content/news/bestteach-free-lesson-campaign.md"
2026-02-01T15:57:42.051524Z  INFO scan_sources: tailwindcss_oxide::scanner: Discovering "/Users/riku/Projects/new-company-lp/content/news/bestteach-online-campaign-2025.md"
2026-02-01T15:57:42.051532Z  INFO scan_sources: tailwindcss_oxide::scanner: Discovering "/Users/riku/Projects/new-company-lp/content/news/sushi-shukatsu-vol3.md"
2026-02-01T15:57:42.051539Z  INFO scan_sources: tailwindcss_oxide::scanner: Discovering "/Users/riku/Projects/new-company-lp/content/news/bestteach-line-app.md"
2026-02-01T15:57:42.051548Z  INFO scan_sources: tailwindcss_oxide::scanner: Discovering "/Users/riku/Projects/new-company-lp/content/news/tokyo-global-shukatsu.md"
2026-02-01T15:57:42.051555Z  INFO scan_sources: tailwindcss_oxide::scanner: Discovering "/Users/riku/Projects/new-company-lp/content/news/bestteach-new-members.md"
2026-02-01T15:57:42.051562Z  INFO scan_sources: tailwindcss_oxide::scanner: Discovering "/Users/riku/Projects/new-company-lp/content/news/sushi-shukatsu-vol4.md"
2026-02-01T15:57:42.051569Z  INFO scan_sources: tailwindcss_oxide::scanner: Discovering "/Users/riku/Projects/new-company-lp/content/news/sushi-shukatsu-vol1.md"
2026-02-01T15:57:42.051577Z  INFO scan_sources: tailwindcss_oxide::scanner: Discovering "/Users/riku/Projects/new-company-lp/content/news/sushi-shukatsu-the-salon.md"
2026-02-01T15:57:42.051585Z  INFO scan_sources: tailwindcss_oxide::scanner: Discovering "/Users/riku/Projects/new-company-lp/content/news/bestteach-toudaiou-campaign-2024.md"
2026-02-01T15:57:42.051592Z  INFO scan_sources: tailwindcss_oxide::scanner: Discovering "/Users/riku/Projects/new-company-lp/content/news/sushi-shukatsu-vol5.md"
2026-02-01T15:57:42.051629Z  INFO scan_sources: tailwindcss_oxide::scanner: Discovering "/Users/riku/Projects/new-company-lp/README.md"
2026-02-01T15:57:42.051648Z  INFO scan_sources: tailwindcss_oxide::scanner: Discovering "/Users/riku/Projects/new-company-lp/public"
2026-02-01T15:57:42.051671Z  INFO scan_sources: tailwindcss_oxide::scanner: Discovering "/Users/riku/Projects/new-company-lp/public/file.svg"
2026-02-01T15:57:42.051704Z  INFO scan_sources: tailwindcss_oxide::scanner: Discovering "/Users/riku/Projects/new-company-lp/public/images"
2026-02-01T15:57:42.051761Z  INFO scan_sources: tailwindcss_oxide::scanner: Discovering "/Users/riku/Projects/new-company-lp/public/mission-photos"
2026-02-01T15:57:42.051798Z  INFO scan_sources: tailwindcss_oxide::scanner: Discovering "/Users/riku/Projects/new-company-lp/public/office-photos"
2026-02-01T15:57:42.051831Z  INFO scan_sources: tailwindcss_oxide::scanner: Discovering "/Users/riku/Projects/new-company-lp/public/news"
2026-02-01T15:57:42.051859Z  INFO scan_sources: tailwindcss_oxide::scanner: Discovering "/Users/riku/Projects/new-company-lp/public/vercel.svg"
2026-02-01T15:57:42.051865Z  INFO scan_sources: tailwindcss_oxide::scanner: Discovering "/Users/riku/Projects/new-company-lp/public/next.svg"
2026-02-01T15:57:42.051871Z  INFO scan_sources: tailwindcss_oxide::scanner: Discovering "/Users/riku/Projects/new-company-lp/public/globe.svg"
2026-02-01T15:57:42.051878Z  INFO scan_sources: tailwindcss_oxide::scanner: Discovering "/Users/riku/Projects/new-company-lp/public/window.svg"
2026-02-01T15:57:42.051896Z  INFO scan_sources: tailwindcss_oxide::scanner: Discovering "/Users/riku/Projects/new-company-lp/public/media"
2026-02-01T15:57:42.051923Z  INFO scan_sources: tailwindcss_oxide::scanner: Discovering "/Users/riku/Projects/new-company-lp/package.json"
2026-02-01T15:57:42.051933Z  INFO scan_sources: tailwindcss_oxide::scanner: Discovering "/Users/riku/Projects/new-company-lp/tsconfig.json"
2026-02-01T15:57:42.051965Z  INFO scan_sources: tailwindcss_oxide::scanner: Discovering "/Users/riku/Projects/new-company-lp/.env.example"
2026-02-01T15:57:42.051993Z  INFO scan_sources: tailwindcss_oxide::scanner: Discovering "/Users/riku/Projects/new-company-lp/wrangler.toml"
2026-02-01T15:57:42.051999Z  INFO scan_sources: tailwindcss_oxide::scanner: Discovering "/Users/riku/Projects/new-company-lp/eslint.config.mjs"
2026-02-01T15:57:42.052024Z  INFO scan_sources: tailwindcss_oxide::scanner: Discovering "/Users/riku/Projects/new-company-lp/next.config.ts"
2026-02-01T15:57:42.052043Z  INFO scan_sources: tailwindcss_oxide::scanner: Discovering "/Users/riku/Projects/new-company-lp/src"
2026-02-01T15:57:42.052078Z  INFO scan_sources: tailwindcss_oxide::scanner: Discovering "/Users/riku/Projects/new-company-lp/src/app"
2026-02-01T15:57:42.052110Z  INFO scan_sources: tailwindcss_oxide::scanner: Discovering "/Users/riku/Projects/new-company-lp/src/app/contact"
2026-02-01T15:57:42.052127Z  INFO scan_sources: tailwindcss_oxide::scanner: Discovering "/Users/riku/Projects/new-company-lp/src/app/contact/page.tsx"
2026-02-01T15:57:42.052146Z  INFO scan_sources: tailwindcss_oxide::scanner: Discovering "/Users/riku/Projects/new-company-lp/src/app/privacy"
2026-02-01T15:57:42.052164Z  INFO scan_sources: tailwindcss_oxide::scanner: Discovering "/Users/riku/Projects/new-company-lp/src/app/privacy/page.tsx"
2026-02-01T15:57:42.052182Z  INFO scan_sources: tailwindcss_oxide::scanner: Discovering "/Users/riku/Projects/new-company-lp/src/app/security"
2026-02-01T15:57:42.052197Z  INFO scan_sources: tailwindcss_oxide::scanner: Discovering "/Users/riku/Projects/new-company-lp/src/app/security/page.tsx"
2026-02-01T15:57:42.052214Z  INFO scan_sources: tailwindcss_oxide::scanner: Discovering "/Users/riku/Projects/new-company-lp/src/app/mission"
2026-02-01T15:57:42.052228Z  INFO scan_sources: tailwindcss_oxide::scanner: Discovering "/Users/riku/Projects/new-company-lp/src/app/mission/page.tsx"
2026-02-01T15:57:42.052244Z  INFO scan_sources: tailwindcss_oxide::scanner: Discovering "/Users/riku/Projects/new-company-lp/src/app/news"
2026-02-01T15:57:42.052259Z  INFO scan_sources: tailwindcss_oxide::scanner: Discovering "/Users/riku/Projects/new-company-lp/src/app/news/NewsListClient.tsx"
2026-02-01T15:57:42.052266Z  INFO scan_sources: tailwindcss_oxide::scanner: Discovering "/Users/riku/Projects/new-company-lp/src/app/news/page.tsx"
2026-02-01T15:57:42.052282Z  INFO scan_sources: tailwindcss_oxide::scanner: Discovering "/Users/riku/Projects/new-company-lp/src/app/news/[slug]"
2026-02-01T15:57:42.052301Z  INFO scan_sources: tailwindcss_oxide::scanner: Discovering "/Users/riku/Projects/new-company-lp/src/app/news/[slug]/NewsArticleClient.tsx"
2026-02-01T15:57:42.052308Z  INFO scan_sources: tailwindcss_oxide::scanner: Discovering "/Users/riku/Projects/new-company-lp/src/app/news/[slug]/page.tsx"
2026-02-01T15:57:42.052315Z  INFO scan_sources: tailwindcss_oxide::scanner: Discovering "/Users/riku/Projects/new-company-lp/src/app/layout.tsx"
2026-02-01T15:57:42.052331Z  INFO scan_sources: tailwindcss_oxide::scanner: Discovering "/Users/riku/Projects/new-company-lp/src/app/api"
2026-02-01T15:57:42.052353Z  INFO scan_sources: tailwindcss_oxide::scanner: Discovering "/Users/riku/Projects/new-company-lp/src/app/api/contact"
2026-02-01T15:57:42.052367Z  INFO scan_sources: tailwindcss_oxide::scanner: Discovering "/Users/riku/Projects/new-company-lp/src/app/api/contact/route.ts"
2026-02-01T15:57:42.052385Z  INFO scan_sources: tailwindcss_oxide::scanner: Discovering "/Users/riku/Projects/new-company-lp/src/app/ai-policy"
2026-02-01T15:57:42.052398Z  INFO scan_sources: tailwindcss_oxide::scanner: Discovering "/Users/riku/Projects/new-company-lp/src/app/ai-policy/page.tsx"
2026-02-01T15:57:42.052415Z  INFO scan_sources: tailwindcss_oxide::scanner: Discovering "/Users/riku/Projects/new-company-lp/src/app/service"
2026-02-01T15:57:42.052428Z  INFO scan_sources: tailwindcss_oxide::scanner: Discovering "/Users/riku/Projects/new-company-lp/src/app/service/page.tsx"
2026-02-01T15:57:42.052435Z  INFO scan_sources: tailwindcss_oxide::scanner: Discovering "/Users/riku/Projects/new-company-lp/src/app/page.tsx"
2026-02-01T15:57:42.052442Z  INFO scan_sources: tailwindcss_oxide::scanner: Discovering "/Users/riku/Projects/new-company-lp/src/app/globals.css"
2026-02-01T15:57:42.052458Z  INFO scan_sources: tailwindcss_oxide::scanner: Discovering "/Users/riku/Projects/new-company-lp/src/app/company"
2026-02-01T15:57:42.052481Z  INFO scan_sources: tailwindcss_oxide::scanner: Discovering "/Users/riku/Projects/new-company-lp/src/app/company/history"
2026-02-01T15:57:42.052495Z  INFO scan_sources: tailwindcss_oxide::scanner: Discovering "/Users/riku/Projects/new-company-lp/src/app/company/history/page.tsx"
2026-02-01T15:57:42.052513Z  INFO scan_sources: tailwindcss_oxide::scanner: Discovering "/Users/riku/Projects/new-company-lp/src/app/company/executives"
2026-02-01T15:57:42.052527Z  INFO scan_sources: tailwindcss_oxide::scanner: Discovering "/Users/riku/Projects/new-company-lp/src/app/company/executives/page.tsx"
2026-02-01T15:57:42.052534Z  INFO scan_sources: tailwindcss_oxide::scanner: Discovering "/Users/riku/Projects/new-company-lp/src/app/company/page.tsx"
2026-02-01T15:57:42.052551Z  INFO scan_sources: tailwindcss_oxide::scanner: Discovering "/Users/riku/Projects/new-company-lp/src/components"
2026-02-01T15:57:42.052568Z  INFO scan_sources: tailwindcss_oxide::scanner: Discovering "/Users/riku/Projects/new-company-lp/src/components/PageHero.tsx"
2026-02-01T15:57:42.052575Z  INFO scan_sources: tailwindcss_oxide::scanner: Discovering "/Users/riku/Projects/new-company-lp/src/components/Hero.tsx"
2026-02-01T15:57:42.052581Z  INFO scan_sources: tailwindcss_oxide::scanner: Discovering "/Users/riku/Projects/new-company-lp/src/components/Mission.tsx"
2026-02-01T15:57:42.052588Z  INFO scan_sources: tailwindcss_oxide::scanner: Discovering "/Users/riku/Projects/new-company-lp/src/components/CyanBackground.tsx"
2026-02-01T15:57:42.052594Z  INFO scan_sources: tailwindcss_oxide::scanner: Discovering "/Users/riku/Projects/new-company-lp/src/components/News.tsx"
2026-02-01T15:57:42.052599Z  INFO scan_sources: tailwindcss_oxide::scanner: Discovering "/Users/riku/Projects/new-company-lp/src/components/CompanyLinks.tsx"
2026-02-01T15:57:42.052605Z  INFO scan_sources: tailwindcss_oxide::scanner: Discovering "/Users/riku/Projects/new-company-lp/src/components/Footer.tsx"
2026-02-01T15:57:42.052611Z  INFO scan_sources: tailwindcss_oxide::scanner: Discovering "/Users/riku/Projects/new-company-lp/src/components/SectionHeader.tsx"
2026-02-01T15:57:42.052627Z  INFO scan_sources: tailwindcss_oxide::scanner: Discovering "/Users/riku/Projects/new-company-lp/src/components/icons"
2026-02-01T15:57:42.052641Z  INFO scan_sources: tailwindcss_oxide::scanner: Discovering "/Users/riku/Projects/new-company-lp/src/components/icons/index.tsx"
2026-02-01T15:57:42.052648Z  INFO scan_sources: tailwindcss_oxide::scanner: Discovering "/Users/riku/Projects/new-company-lp/src/components/ServicesMercari.tsx"
2026-02-01T15:57:42.052654Z  INFO scan_sources: tailwindcss_oxide::scanner: Discovering "/Users/riku/Projects/new-company-lp/src/components/Header.tsx"
2026-02-01T15:57:42.052663Z  INFO scan_sources: tailwindcss_oxide::scanner: Discovering "/Users/riku/Projects/new-company-lp/src/components/RelatedPagesGrid.tsx"
2026-02-01T15:57:42.052669Z  INFO scan_sources: tailwindcss_oxide::scanner: Discovering "/Users/riku/Projects/new-company-lp/src/components/ContactSection.tsx"
2026-02-01T15:57:42.052676Z  INFO scan_sources: tailwindcss_oxide::scanner: Discovering "/Users/riku/Projects/new-company-lp/src/components/BestieeLogo.tsx"
2026-02-01T15:57:42.052689Z  INFO scan_sources: tailwindcss_oxide::scanner: Discovering "/Users/riku/Projects/new-company-lp/src/hooks"
2026-02-01T15:57:42.052704Z  INFO scan_sources: tailwindcss_oxide::scanner: Discovering "/Users/riku/Projects/new-company-lp/src/hooks/useIsMobile.ts"
2026-02-01T15:57:42.052721Z  INFO scan_sources: tailwindcss_oxide::scanner: Discovering "/Users/riku/Projects/new-company-lp/src/lib"
2026-02-01T15:57:42.052734Z  INFO scan_sources: tailwindcss_oxide::scanner: Discovering "/Users/riku/Projects/new-company-lp/src/lib/news.ts"
2026-02-01T15:57:42.052747Z  INFO scan_sources: tailwindcss_oxide::scanner: Discovering "/Users/riku/Projects/new-company-lp/src/data"
2026-02-01T15:57:42.052762Z  INFO scan_sources: tailwindcss_oxide::scanner: Discovering "/Users/riku/Projects/new-company-lp/src/data/news.ts"
2026-02-01T15:57:42.052769Z  INFO scan_sources: tailwindcss_oxide::scanner: Discovering "/Users/riku/Projects/new-company-lp/src/data/navigation.ts"
2026-02-01T15:57:42.052775Z  INFO scan_sources: tailwindcss_oxide::scanner: Discovering "/Users/riku/Projects/new-company-lp/src/data/footer.ts"
2026-02-01T15:57:42.052782Z  INFO scan_sources: tailwindcss_oxide::scanner: Discovering "/Users/riku/Projects/new-company-lp/src/data/companyLinks.ts"
2026-02-01T15:57:42.052788Z  INFO scan_sources: tailwindcss_oxide::scanner: Discovering "/Users/riku/Projects/new-company-lp/src/data/index.ts"
2026-02-01T15:57:42.052795Z  INFO scan_sources: tailwindcss_oxide::scanner: Discovering "/Users/riku/Projects/new-company-lp/src/data/services.ts"
2026-02-01T15:57:42.052829Z  INFO scan_sources: tailwindcss_oxide::scanner: exit
2026-02-01T15:57:42.052834Z  INFO extract_candidates: tailwindcss_oxide::scanner: enter
2026-02-01T15:57:42.052836Z  INFO extract_candidates:read_all_files: tailwindcss_oxide::scanner: enter
2026-02-01T15:57:42.052838Z  INFO extract_candidates:read_all_files: tailwindcss_oxide::scanner: Reading 66 file(s)
2026-02-01T15:57:42.052974Z  INFO tailwindcss_oxide::scanner: Reading "/Users/riku/Projects/new-company-lp/open-next.config.ts"
2026-02-01T15:57:42.053020Z  INFO tailwindcss_oxide::scanner: Reading "/Users/riku/Projects/new-company-lp/postcss.config.mjs"
2026-02-01T15:57:42.053146Z  INFO tailwindcss_oxide::scanner: Reading "/Users/riku/Projects/new-company-lp/src/app/news/page.tsx"
2026-02-01T15:57:42.053173Z  INFO tailwindcss_oxide::scanner: Reading "/Users/riku/Projects/new-company-lp/content/news/bestteach-line-app.md"
2026-02-01T15:57:42.053210Z  INFO tailwindcss_oxide::scanner: Reading "/Users/riku/Projects/new-company-lp/src/app/news/[slug]/NewsArticleClient.tsx"
2026-02-01T15:57:42.053220Z  INFO tailwindcss_oxide::scanner: Reading "/Users/riku/Projects/new-company-lp/.env.example"
2026-02-01T15:57:42.053258Z  INFO tailwindcss_oxide::scanner: Reading "/Users/riku/Projects/new-company-lp/src/app/news/[slug]/page.tsx"
2026-02-01T15:57:42.053274Z  INFO tailwindcss_oxide::scanner: Reading "/Users/riku/Projects/new-company-lp/wrangler.toml"
2026-02-01T15:57:42.053300Z  INFO tailwindcss_oxide::scanner: Reading "/Users/riku/Projects/new-company-lp/src/app/layout.tsx"
2026-02-01T15:57:42.053319Z  INFO tailwindcss_oxide::scanner: Reading "/Users/riku/Projects/new-company-lp/src/components/CompanyLinks.tsx"
2026-02-01T15:57:42.053342Z  INFO tailwindcss_oxide::scanner: Reading "/Users/riku/Projects/new-company-lp/src/components/Footer.tsx"
2026-02-01T15:57:42.053356Z  INFO tailwindcss_oxide::scanner: Reading "/Users/riku/Projects/new-company-lp/src/components/SectionHeader.tsx"
2026-02-01T15:57:42.053350Z  INFO tailwindcss_oxide::scanner: Reading "/Users/riku/Projects/new-company-lp/src/app/api/contact/route.ts"
2026-02-01T15:57:42.053367Z  INFO tailwindcss_oxide::scanner: Reading "/Users/riku/Projects/new-company-lp/src/components/icons/index.tsx"
2026-02-01T15:57:42.053386Z  INFO tailwindcss_oxide::scanner: Reading "/Users/riku/Projects/new-company-lp/src/components/ServicesMercari.tsx"
2026-02-01T15:57:42.053391Z  INFO tailwindcss_oxide::scanner: Reading "/Users/riku/Projects/new-company-lp/src/app/ai-policy/page.tsx"
2026-02-01T15:57:42.053399Z  INFO tailwindcss_oxide::scanner: Reading "/Users/riku/Projects/new-company-lp/src/components/Header.tsx"
2026-02-01T15:57:42.053411Z  INFO tailwindcss_oxide::scanner: Reading "/Users/riku/Projects/new-company-lp/src/components/RelatedPagesGrid.tsx"
2026-02-01T15:57:42.053414Z  INFO tailwindcss_oxide::scanner: Reading "/Users/riku/Projects/new-company-lp/src/app/service/page.tsx"
2026-02-01T15:57:42.053433Z  INFO tailwindcss_oxide::scanner: Reading "/Users/riku/Projects/new-company-lp/src/app/page.tsx"
2026-02-01T15:57:42.053438Z  INFO tailwindcss_oxide::scanner: Reading "/Users/riku/Projects/new-company-lp/public/globe.svg"
2026-02-01T15:57:42.053446Z  INFO tailwindcss_oxide::scanner: Reading "/Users/riku/Projects/new-company-lp/src/components/ContactSection.tsx"
2026-02-01T15:57:42.053453Z  INFO tailwindcss_oxide::scanner: Reading "/Users/riku/Projects/new-company-lp/src/app/company/history/page.tsx"
2026-02-01T15:57:42.053508Z  INFO tailwindcss_oxide::scanner: Reading "/Users/riku/Projects/new-company-lp/src/components/BestieeLogo.tsx"
2026-02-01T15:57:42.053532Z  INFO tailwindcss_oxide::scanner: Reading "/Users/riku/Projects/new-company-lp/src/app/company/executives/page.tsx"
2026-02-01T15:57:42.053544Z  INFO tailwindcss_oxide::scanner: Reading "/Users/riku/Projects/new-company-lp/src/hooks/useIsMobile.ts"
2026-02-01T15:57:42.053560Z  INFO tailwindcss_oxide::scanner: Reading "/Users/riku/Projects/new-company-lp/public/window.svg"
2026-02-01T15:57:42.053594Z  INFO tailwindcss_oxide::scanner: Reading "/Users/riku/Projects/new-company-lp/content/news/tokyo-global-shukatsu.md"
2026-02-01T15:57:42.053607Z  INFO tailwindcss_oxide::scanner: Reading "/Users/riku/Projects/new-company-lp/src/lib/news.ts"
2026-02-01T15:57:42.053607Z  INFO tailwindcss_oxide::scanner: Reading "/Users/riku/Projects/new-company-lp/README.md"
2026-02-01T15:57:42.053639Z  INFO tailwindcss_oxide::scanner: Reading "/Users/riku/Projects/new-company-lp/content/news/bestteach-new-members.md"
2026-02-01T15:57:42.053610Z  INFO tailwindcss_oxide::scanner: Reading "/Users/riku/Projects/new-company-lp/content/news/_template.md"
2026-02-01T15:57:42.053615Z  INFO tailwindcss_oxide::scanner: Reading "/Users/riku/Projects/new-company-lp/content/news/bestteach-toudaiou-campaign-2024.md"
2026-02-01T15:57:42.053618Z  INFO tailwindcss_oxide::scanner: Reading "/Users/riku/Projects/new-company-lp/eslint.config.mjs"
2026-02-01T15:57:42.053696Z  INFO tailwindcss_oxide::scanner: Reading "/Users/riku/Projects/new-company-lp/content/news/sushi-shukatsu-vol4.md"
2026-02-01T15:57:42.053622Z  INFO tailwindcss_oxide::scanner: Reading "/Users/riku/Projects/new-company-lp/content/news/sushi-shukatsu-vol2.md"
2026-02-01T15:57:42.053609Z  INFO tailwindcss_oxide::scanner: Reading "/Users/riku/Projects/new-company-lp/src/app/company/page.tsx"
2026-02-01T15:57:42.053756Z  INFO tailwindcss_oxide::scanner: Reading "/Users/riku/Projects/new-company-lp/next.config.ts"
2026-02-01T15:57:42.053642Z  INFO tailwindcss_oxide::scanner: Reading "/Users/riku/Projects/new-company-lp/src/data/news.ts"
2026-02-01T15:57:42.053793Z  INFO tailwindcss_oxide::scanner: Reading "/Users/riku/Projects/new-company-lp/public/file.svg"
2026-02-01T15:57:42.053737Z  INFO tailwindcss_oxide::scanner: Reading "/Users/riku/Projects/new-company-lp/content/news/sushi-shukatsu-vol5.md"
2026-02-01T15:57:42.053854Z  INFO tailwindcss_oxide::scanner: Reading "/Users/riku/Projects/new-company-lp/src/app/contact/page.tsx"
2026-02-01T15:57:42.053862Z  INFO tailwindcss_oxide::scanner: Reading "/Users/riku/Projects/new-company-lp/src/app/security/page.tsx"
2026-02-01T15:57:42.053891Z  INFO tailwindcss_oxide::scanner: Reading "/Users/riku/Projects/new-company-lp/content/news/ai-challengers-fes-2025.md"
2026-02-01T15:57:42.053772Z  INFO tailwindcss_oxide::scanner: Reading "/Users/riku/Projects/new-company-lp/content/news/bestteach-free-lesson-campaign.md"
2026-02-01T15:57:42.053797Z  INFO tailwindcss_oxide::scanner: Reading "/Users/riku/Projects/new-company-lp/src/components/PageHero.tsx"
2026-02-01T15:57:42.053641Z  INFO tailwindcss_oxide::scanner: Reading "/Users/riku/Projects/new-company-lp/package.json"
2026-02-01T15:57:42.053958Z  INFO tailwindcss_oxide::scanner: Reading "/Users/riku/Projects/new-company-lp/content/news/bestteach-online-campaign-2025.md"
2026-02-01T15:57:42.053965Z  INFO tailwindcss_oxide::scanner: Reading "/Users/riku/Projects/new-company-lp/tsconfig.json"
2026-02-01T15:57:42.053972Z  INFO tailwindcss_oxide::scanner: Reading "/Users/riku/Projects/new-company-lp/src/app/news/NewsListClient.tsx"
2026-02-01T15:57:42.053979Z  INFO tailwindcss_oxide::scanner: Reading "/Users/riku/Projects/new-company-lp/src/components/Hero.tsx"
2026-02-01T15:57:42.053607Z  INFO tailwindcss_oxide::scanner: Reading "/Users/riku/Projects/new-company-lp/content/news/sushi-shukatsu-vol1.md"
2026-02-01T15:57:42.053913Z  INFO tailwindcss_oxide::scanner: Reading "/Users/riku/Projects/new-company-lp/src/app/mission/page.tsx"
2026-02-01T15:57:42.054021Z  INFO tailwindcss_oxide::scanner: Reading "/Users/riku/Projects/new-company-lp/src/components/Mission.tsx"
2026-02-01T15:57:42.054037Z  INFO tailwindcss_oxide::scanner: Reading "/Users/riku/Projects/new-company-lp/src/components/News.tsx"
2026-02-01T15:57:42.054042Z  INFO tailwindcss_oxide::scanner: Reading "/Users/riku/Projects/new-company-lp/src/data/companyLinks.ts"
2026-02-01T15:57:42.054073Z  INFO tailwindcss_oxide::scanner: Reading "/Users/riku/Projects/new-company-lp/src/data/index.ts"
2026-02-01T15:57:42.054090Z  INFO tailwindcss_oxide::scanner: Reading "/Users/riku/Projects/new-company-lp/content/news/sushi-shukatsu-the-salon.md"
2026-02-01T15:57:42.054104Z  INFO tailwindcss_oxide::scanner: Reading "/Users/riku/Projects/new-company-lp/src/data/services.ts"
2026-02-01T15:57:42.054099Z  INFO tailwindcss_oxide::scanner: Reading "/Users/riku/Projects/new-company-lp/src/data/footer.ts"
2026-02-01T15:57:42.053914Z  INFO tailwindcss_oxide::scanner: Reading "/Users/riku/Projects/new-company-lp/src/app/privacy/page.tsx"
2026-02-01T15:57:42.054124Z  INFO tailwindcss_oxide::scanner: Reading "/Users/riku/Projects/new-company-lp/content/news/sushi-shukatsu-vol3.md"
2026-02-01T15:57:42.053812Z  INFO tailwindcss_oxide::scanner: Reading "/Users/riku/Projects/new-company-lp/src/data/navigation.ts"
2026-02-01T15:57:42.054021Z  INFO tailwindcss_oxide::scanner: Reading "/Users/riku/Projects/new-company-lp/src/components/CyanBackground.tsx"
2026-02-01T15:57:42.054164Z  INFO tailwindcss_oxide::scanner: Reading "/Users/riku/Projects/new-company-lp/public/vercel.svg"
2026-02-01T15:57:42.054287Z  INFO tailwindcss_oxide::scanner: Reading "/Users/riku/Projects/new-company-lp/public/next.svg"
2026-02-01T15:57:42.054335Z  INFO extract_candidates:read_all_files: tailwindcss_oxide::scanner: exit
2026-02-01T15:57:42.054340Z  INFO extract_candidates:parse_all_blobs: tailwindcss_oxide::scanner: enter
2026-02-01T15:57:42.054342Z  INFO extract_candidates:parse_all_blobs:extract: tailwindcss_oxide::scanner: enter
2026-02-01T15:57:42.055645Z  INFO extract_candidates:parse_all_blobs:extract: tailwindcss_oxide::scanner: exit
2026-02-01T15:57:42.055693Z  INFO extract_candidates:parse_all_blobs: tailwindcss_oxide::scanner: exit
2026-02-01T15:57:42.055701Z  INFO extract_candidates:read_all_files: tailwindcss_oxide::scanner: enter
2026-02-01T15:57:42.055706Z  INFO extract_candidates:read_all_files: tailwindcss_oxide::scanner: Reading 1 file(s)
2026-02-01T15:57:42.055784Z  INFO extract_candidates:read_all_files: tailwindcss_oxide::scanner: Reading "/Users/riku/Projects/new-company-lp/src/app/globals.css"
2026-02-01T15:57:42.055794Z  INFO extract_candidates:read_all_files: tailwindcss_oxide::scanner: exit
2026-02-01T15:57:42.055799Z  INFO extract_candidates:extract_css_variables: tailwindcss_oxide::scanner: enter
2026-02-01T15:57:42.055804Z  INFO extract_candidates:extract_css_variables:extract: tailwindcss_oxide::scanner: enter
2026-02-01T15:57:42.055965Z  INFO extract_candidates:extract_css_variables:extract: tailwindcss_oxide::scanner: exit
2026-02-01T15:57:42.055977Z  INFO extract_candidates:extract_css_variables: tailwindcss_oxide::scanner: exit
2026-02-01T15:57:42.056272Z  INFO extract_candidates: tailwindcss_oxide::scanner: exit
2026-02-01T15:57:42.056724Z  INFO get_files: tailwindcss_oxide::scanner: enter
2026-02-01T15:57:42.056752Z  INFO get_files:scan_sources: tailwindcss_oxide::scanner: enter
2026-02-01T15:57:42.057134Z  INFO get_files:scan_sources: tailwindcss_oxide::scanner: Discovering "/Users/riku/Projects/new-company-lp/screenshot"
2026-02-01T15:57:42.057178Z  INFO get_files:scan_sources: tailwindcss_oxide::scanner: Discovering "/Users/riku/Projects/new-company-lp/screenshot/現在の状況"
2026-02-01T15:57:42.057332Z  INFO get_files:scan_sources: tailwindcss_oxide::scanner: Discovering "/Users/riku/Projects/new-company-lp/content"
2026-02-01T15:57:42.057382Z  INFO get_files:scan_sources: tailwindcss_oxide::scanner: Discovering "/Users/riku/Projects/new-company-lp/content/news"
2026-02-01T15:57:42.057491Z  INFO get_files:scan_sources: tailwindcss_oxide::scanner: Discovering "/Users/riku/Projects/new-company-lp/public"
2026-02-01T15:57:42.057523Z  INFO get_files:scan_sources: tailwindcss_oxide::scanner: Discovering "/Users/riku/Projects/new-company-lp/public/images"
2026-02-01T15:57:42.057568Z  INFO get_files:scan_sources: tailwindcss_oxide::scanner: Discovering "/Users/riku/Projects/new-company-lp/public/mission-photos"
2026-02-01T15:57:42.057595Z  INFO get_files:scan_sources: tailwindcss_oxide::scanner: Discovering "/Users/riku/Projects/new-company-lp/public/office-photos"
2026-02-01T15:57:42.057619Z  INFO get_files:scan_sources: tailwindcss_oxide::scanner: Discovering "/Users/riku/Projects/new-company-lp/public/news"
2026-02-01T15:57:42.057668Z  INFO get_files:scan_sources: tailwindcss_oxide::scanner: Discovering "/Users/riku/Projects/new-company-lp/public/media"
2026-02-01T15:57:42.057768Z  INFO get_files:scan_sources: tailwindcss_oxide::scanner: Discovering "/Users/riku/Projects/new-company-lp/src"
2026-02-01T15:57:42.057809Z  INFO get_files:scan_sources: tailwindcss_oxide::scanner: Discovering "/Users/riku/Projects/new-company-lp/src/app"
2026-02-01T15:57:42.057999Z  INFO get_files:scan_sources: tailwindcss_oxide::scanner: Discovering "/Users/riku/Projects/new-company-lp/src/app/contact"
2026-02-01T15:57:42.058044Z  INFO get_files:scan_sources: tailwindcss_oxide::scanner: Discovering "/Users/riku/Projects/new-company-lp/src/app/privacy"
2026-02-01T15:57:42.058074Z  INFO get_files:scan_sources: tailwindcss_oxide::scanner: Discovering "/Users/riku/Projects/new-company-lp/src/app/security"
2026-02-01T15:57:42.058101Z  INFO get_files:scan_sources: tailwindcss_oxide::scanner: Discovering "/Users/riku/Projects/new-company-lp/src/app/mission"
2026-02-01T15:57:42.058126Z  INFO get_files:scan_sources: tailwindcss_oxide::scanner: Discovering "/Users/riku/Projects/new-company-lp/src/app/news"
2026-02-01T15:57:42.058155Z  INFO get_files:scan_sources: tailwindcss_oxide::scanner: Discovering "/Users/riku/Projects/new-company-lp/src/app/news/[slug]"
2026-02-01T15:57:42.058202Z  INFO get_files:scan_sources: tailwindcss_oxide::scanner: Discovering "/Users/riku/Projects/new-company-lp/src/app/api"
2026-02-01T15:57:42.058221Z  INFO get_files:scan_sources: tailwindcss_oxide::scanner: Discovering "/Users/riku/Projects/new-company-lp/src/app/api/contact"
2026-02-01T15:57:42.058246Z  INFO get_files:scan_sources: tailwindcss_oxide::scanner: Discovering "/Users/riku/Projects/new-company-lp/src/app/ai-policy"
2026-02-01T15:57:42.058270Z  INFO get_files:scan_sources: tailwindcss_oxide::scanner: Discovering "/Users/riku/Projects/new-company-lp/src/app/service"
2026-02-01T15:57:42.058300Z  INFO get_files:scan_sources: tailwindcss_oxide::scanner: Discovering "/Users/riku/Projects/new-company-lp/src/app/company"
2026-02-01T15:57:42.058319Z  INFO get_files:scan_sources: tailwindcss_oxide::scanner: Discovering "/Users/riku/Projects/new-company-lp/src/app/company/history"
2026-02-01T15:57:42.058343Z  INFO get_files:scan_sources: tailwindcss_oxide::scanner: Discovering "/Users/riku/Projects/new-company-lp/src/app/company/executives"
2026-02-01T15:57:42.058376Z  INFO get_files:scan_sources: tailwindcss_oxide::scanner: Discovering "/Users/riku/Projects/new-company-lp/src/components"
2026-02-01T15:57:42.058427Z  INFO get_files:scan_sources: tailwindcss_oxide::scanner: Discovering "/Users/riku/Projects/new-company-lp/src/components/icons"
2026-02-01T15:57:42.058469Z  INFO get_files:scan_sources: tailwindcss_oxide::scanner: Discovering "/Users/riku/Projects/new-company-lp/src/hooks"
2026-02-01T15:57:42.058493Z  INFO get_files:scan_sources: tailwindcss_oxide::scanner: Discovering "/Users/riku/Projects/new-company-lp/src/lib"
2026-02-01T15:57:42.058515Z  INFO get_files:scan_sources: tailwindcss_oxide::scanner: Discovering "/Users/riku/Projects/new-company-lp/src/data"
2026-02-01T15:57:42.058571Z  INFO get_files:scan_sources: tailwindcss_oxide::scanner: exit
2026-02-01T15:57:42.058686Z  INFO get_files: tailwindcss_oxide::scanner: exit
2026-02-01T15:57:42.058802Z  INFO get_globs: tailwindcss_oxide::scanner: enter
2026-02-01T15:57:42.058806Z  INFO get_globs:scan_sources: tailwindcss_oxide::scanner: enter
2026-02-01T15:57:42.059032Z  INFO get_globs:scan_sources: tailwindcss_oxide::scanner: Discovering "/Users/riku/Projects/new-company-lp/screenshot"
2026-02-01T15:57:42.059061Z  INFO get_globs:scan_sources: tailwindcss_oxide::scanner: Discovering "/Users/riku/Projects/new-company-lp/screenshot/現在の状況"
2026-02-01T15:57:42.059109Z  INFO get_globs:scan_sources: tailwindcss_oxide::scanner: Discovering "/Users/riku/Projects/new-company-lp/content"
2026-02-01T15:57:42.059128Z  INFO get_globs:scan_sources: tailwindcss_oxide::scanner: Discovering "/Users/riku/Projects/new-company-lp/content/news"
2026-02-01T15:57:42.059223Z  INFO get_globs:scan_sources: tailwindcss_oxide::scanner: Discovering "/Users/riku/Projects/new-company-lp/public"
2026-02-01T15:57:42.059253Z  INFO get_globs:scan_sources: tailwindcss_oxide::scanner: Discovering "/Users/riku/Projects/new-company-lp/public/images"
2026-02-01T15:57:42.059295Z  INFO get_globs:scan_sources: tailwindcss_oxide::scanner: Discovering "/Users/riku/Projects/new-company-lp/public/mission-photos"
2026-02-01T15:57:42.059320Z  INFO get_globs:scan_sources: tailwindcss_oxide::scanner: Discovering "/Users/riku/Projects/new-company-lp/public/office-photos"
2026-02-01T15:57:42.059342Z  INFO get_globs:scan_sources: tailwindcss_oxide::scanner: Discovering "/Users/riku/Projects/new-company-lp/public/news"
2026-02-01T15:57:42.059385Z  INFO get_globs:scan_sources: tailwindcss_oxide::scanner: Discovering "/Users/riku/Projects/new-company-lp/public/media"
2026-02-01T15:57:42.059601Z  INFO get_globs:scan_sources: tailwindcss_oxide::scanner: Discovering "/Users/riku/Projects/new-company-lp/src"
2026-02-01T15:57:42.059679Z  INFO get_globs:scan_sources: tailwindcss_oxide::scanner: Discovering "/Users/riku/Projects/new-company-lp/src/app"
2026-02-01T15:57:42.059709Z  INFO get_globs:scan_sources: tailwindcss_oxide::scanner: Discovering "/Users/riku/Projects/new-company-lp/src/app/contact"
2026-02-01T15:57:42.059748Z  INFO get_globs:scan_sources: tailwindcss_oxide::scanner: Discovering "/Users/riku/Projects/new-company-lp/src/app/privacy"
2026-02-01T15:57:42.059787Z  INFO get_globs:scan_sources: tailwindcss_oxide::scanner: Discovering "/Users/riku/Projects/new-company-lp/src/app/security"
2026-02-01T15:57:42.059810Z  INFO get_globs:scan_sources: tailwindcss_oxide::scanner: Discovering "/Users/riku/Projects/new-company-lp/src/app/mission"
2026-02-01T15:57:42.059832Z  INFO get_globs:scan_sources: tailwindcss_oxide::scanner: Discovering "/Users/riku/Projects/new-company-lp/src/app/news"
2026-02-01T15:57:42.059857Z  INFO get_globs:scan_sources: tailwindcss_oxide::scanner: Discovering "/Users/riku/Projects/new-company-lp/src/app/news/[slug]"
2026-02-01T15:57:42.059954Z  INFO get_globs:scan_sources: tailwindcss_oxide::scanner: Discovering "/Users/riku/Projects/new-company-lp/src/app/api"
2026-02-01T15:57:42.060067Z  INFO get_globs:scan_sources: tailwindcss_oxide::scanner: Discovering "/Users/riku/Projects/new-company-lp/src/app/api/contact"
2026-02-01T15:57:42.060149Z  INFO get_globs:scan_sources: tailwindcss_oxide::scanner: Discovering "/Users/riku/Projects/new-company-lp/src/app/ai-policy"
2026-02-01T15:57:42.060202Z  INFO get_globs:scan_sources: tailwindcss_oxide::scanner: Discovering "/Users/riku/Projects/new-company-lp/src/app/service"
2026-02-01T15:57:42.060266Z  INFO get_globs:scan_sources: tailwindcss_oxide::scanner: Discovering "/Users/riku/Projects/new-company-lp/src/app/company"
2026-02-01T15:57:42.060308Z  INFO get_globs:scan_sources: tailwindcss_oxide::scanner: Discovering "/Users/riku/Projects/new-company-lp/src/app/company/history"
2026-02-01T15:57:42.060359Z  INFO get_globs:scan_sources: tailwindcss_oxide::scanner: Discovering "/Users/riku/Projects/new-company-lp/src/app/company/executives"
2026-02-01T15:57:42.060428Z  INFO get_globs:scan_sources: tailwindcss_oxide::scanner: Discovering "/Users/riku/Projects/new-company-lp/src/components"
2026-02-01T15:57:42.060615Z  INFO get_globs:scan_sources: tailwindcss_oxide::scanner: Discovering "/Users/riku/Projects/new-company-lp/src/components/icons"
2026-02-01T15:57:42.060766Z  INFO get_globs:scan_sources: tailwindcss_oxide::scanner: Discovering "/Users/riku/Projects/new-company-lp/src/hooks"
2026-02-01T15:57:42.060833Z  INFO get_globs:scan_sources: tailwindcss_oxide::scanner: Discovering "/Users/riku/Projects/new-company-lp/src/lib"
2026-02-01T15:57:42.060889Z  INFO get_globs:scan_sources: tailwindcss_oxide::scanner: Discovering "/Users/riku/Projects/new-company-lp/src/data"
2026-02-01T15:57:42.061204Z  INFO get_globs:scan_sources: tailwindcss_oxide::scanner: exit
2026-02-01T15:57:42.064711Z  INFO get_globs: tailwindcss_oxide::scanner: exit
